<?xml version="1.0" encoding="UTF-8"?>
<!-- Generated by org.testng.reporters.JUnitReportReporter -->
<testsuite hostname="TRPRDWUE6GAU-L" name="AmazonTests" tests="1" failures="0" timestamp="26 Oct 2018 13:49:40 GMT" time="18.044" errors="0">
  <testcase name="AmazonTest" time="18.044" classname="AmazonTests"/>
</testsuite> <!-- AmazonTests -->
