<?xml version="1.0" encoding="UTF-8"?>
<!-- Generated by org.testng.reporters.JUnitReportReporter -->
<testsuite hostname="TRPRDWUE6GAU-L" name="com.tests.AmazonTests" tests="1" failures="0" timestamp="31 Oct 2018 11:26:03 GMT" time="54.956" errors="0">
  <testcase name="AmazonTest" time="54.956" classname="com.tests.AmazonTests"/>
</testsuite> <!-- com.tests.AmazonTests -->
